0 info it worked if it ends with ok
1 verbose cli [ '/Users/ingikim/.nvm/versions/node/v6.2.2/bin/node',
1 verbose cli   '/Users/ingikim/.nvm/versions/node/v6.2.2/bin/npm',
1 verbose cli   'install',
1 verbose cli   '-g',
1 verbose cli   'hackreactor-labs/utils.rndr' ]
2 info using npm@3.9.5
3 info using node@v6.2.2
4 silly loadCurrentTree Starting
5 silly install loadCurrentTree
6 silly install readGlobalPackageData
7 silly fetchPackageMetaData hackreactor-labs/utils.rndr
8 silly fetchOtherPackageData hackreactor-labs/utils.rndr
9 silly cache add args [ 'hackreactor-labs/utils.rndr', null ]
10 verbose cache add spec hackreactor-labs/utils.rndr
11 silly cache add parsed spec Result {
11 silly cache add   raw: 'hackreactor-labs/utils.rndr',
11 silly cache add   scope: null,
11 silly cache add   name: null,
11 silly cache add   rawSpec: 'hackreactor-labs/utils.rndr',
11 silly cache add   spec: 'github:hackreactor-labs/utils.rndr',
11 silly cache add   type: 'hosted',
11 silly cache add   hosted:
11 silly cache add    { type: 'github',
11 silly cache add      ssh: 'git@github.com:hackreactor-labs/utils.rndr.git',
11 silly cache add      sshUrl: 'git+ssh://git@github.com/hackreactor-labs/utils.rndr.git',
11 silly cache add      httpsUrl: 'git+https://github.com/hackreactor-labs/utils.rndr.git',
11 silly cache add      gitUrl: 'git://github.com/hackreactor-labs/utils.rndr.git',
11 silly cache add      shortcut: 'github:hackreactor-labs/utils.rndr',
11 silly cache add      directUrl: 'https://raw.githubusercontent.com/hackreactor-labs/utils.rndr/master/package.json' } }
12 verbose addRemoteGit caching hackreactor-labs/utils.rndr
13 verbose addRemoteGit hackreactor-labs/utils.rndr is a repository hosted by github
14 silly tryGitProto attempting to clone git://github.com/hackreactor-labs/utils.rndr.git
15 silly tryClone cloning hackreactor-labs/utils.rndr via git://github.com/hackreactor-labs/utils.rndr.git
16 verbose tryClone git-github-com-hackreactor-labs-utils-rndr-git-09a29e69 not in flight; caching
17 verbose correctMkdir /Users/ingikim/.npm/_git-remotes correctMkdir not in flight; initializing
18 verbose makeDirectory /Users/ingikim/.npm/_git-remotes creation not in flight; initializing
19 silly makeDirectory /Users/ingikim/.npm/_git-remotes uid: 501 gid: 20
20 info git [ 'clone',
20 info git   '--template=/Users/ingikim/.npm/_git-remotes/_templates',
20 info git   '--mirror',
20 info git   'git://github.com/hackreactor-labs/utils.rndr.git',
20 info git   '/Users/ingikim/.npm/_git-remotes/git-github-com-hackreactor-labs-utils-rndr-git-09a29e69' ]
21 verbose git clone --template=/Users/ingikim/.npm/_git-remotes/_templates --mirror git://github.com/hackreactor-labs/utils.rndr.git /Users/ingikim/.npm/_git-remotes/git-github-com-hackreactor-labs-utils-rndr-git-09a29e69: Cloning into bare repository '/Users/ingikim/.npm/_git-remotes/git-github-com-hackreactor-labs-utils-rndr-git-09a29e69'...
21 verbose git clone --template=/Users/ingikim/.npm/_git-remotes/_templates --mirror git://github.com/hackreactor-labs/utils.rndr.git /Users/ingikim/.npm/_git-remotes/git-github-com-hackreactor-labs-utils-rndr-git-09a29e69: fatal: remote error:
21 verbose git clone --template=/Users/ingikim/.npm/_git-remotes/_templates --mirror git://github.com/hackreactor-labs/utils.rndr.git /Users/ingikim/.npm/_git-remotes/git-github-com-hackreactor-labs-utils-rndr-git-09a29e69:   Repository not found.
22 silly tryHTTPS attempting to clone git+https://github.com/hackreactor-labs/utils.rndr.git
23 silly tryClone cloning hackreactor-labs/utils.rndr via git+https://github.com/hackreactor-labs/utils.rndr.git
24 verbose tryClone git-https-github-com-hackreactor-labs-utils-rndr-git-dc744b43 not in flight; caching
25 verbose correctMkdir /Users/ingikim/.npm/_git-remotes correctMkdir not in flight; initializing
26 info git [ 'clone',
26 info git   '--template=/Users/ingikim/.npm/_git-remotes/_templates',
26 info git   '--mirror',
26 info git   'https://github.com/hackreactor-labs/utils.rndr.git',
26 info git   '/Users/ingikim/.npm/_git-remotes/git-https-github-com-hackreactor-labs-utils-rndr-git-dc744b43' ]
27 verbose git clone --template=/Users/ingikim/.npm/_git-remotes/_templates --mirror https://github.com/hackreactor-labs/utils.rndr.git /Users/ingikim/.npm/_git-remotes/git-https-github-com-hackreactor-labs-utils-rndr-git-dc744b43: Cloning into bare repository '/Users/ingikim/.npm/_git-remotes/git-https-github-com-hackreactor-labs-utils-rndr-git-dc744b43'...
27 verbose git clone --template=/Users/ingikim/.npm/_git-remotes/_templates --mirror https://github.com/hackreactor-labs/utils.rndr.git /Users/ingikim/.npm/_git-remotes/git-https-github-com-hackreactor-labs-utils-rndr-git-dc744b43: remote: Repository not found.
27 verbose git clone --template=/Users/ingikim/.npm/_git-remotes/_templates --mirror https://github.com/hackreactor-labs/utils.rndr.git /Users/ingikim/.npm/_git-remotes/git-https-github-com-hackreactor-labs-utils-rndr-git-dc744b43: fatal: repository 'https://github.com/hackreactor-labs/utils.rndr.git/' not found
28 silly trySSH attempting to clone git@github.com:hackreactor-labs/utils.rndr.git
29 silly tryClone cloning hackreactor-labs/utils.rndr via git@github.com:hackreactor-labs/utils.rndr.git
30 verbose tryClone git-github-com-hackreactor-labs-utils-rndr-git-3333c088 not in flight; caching
31 verbose correctMkdir /Users/ingikim/.npm/_git-remotes correctMkdir not in flight; initializing
32 info git [ 'clone',
32 info git   '--template=/Users/ingikim/.npm/_git-remotes/_templates',
32 info git   '--mirror',
32 info git   'git@github.com:hackreactor-labs/utils.rndr.git',
32 info git   '/Users/ingikim/.npm/_git-remotes/git-github-com-hackreactor-labs-utils-rndr-git-3333c088' ]
33 error git clone --template=/Users/ingikim/.npm/_git-remotes/_templates --mirror git@github.com:hackreactor-labs/utils.rndr.git /Users/ingikim/.npm/_git-remotes/git-github-com-hackreactor-labs-utils-rndr-git-3333c088: Cloning into bare repository '/Users/ingikim/.npm/_git-remotes/git-github-com-hackreactor-labs-utils-rndr-git-3333c088'...
33 error git clone --template=/Users/ingikim/.npm/_git-remotes/_templates --mirror git@github.com:hackreactor-labs/utils.rndr.git /Users/ingikim/.npm/_git-remotes/git-github-com-hackreactor-labs-utils-rndr-git-3333c088: Warning: Permanently added the RSA host key for IP address '192.30.253.113' to the list of known hosts.
33 error git clone --template=/Users/ingikim/.npm/_git-remotes/_templates --mirror git@github.com:hackreactor-labs/utils.rndr.git /Users/ingikim/.npm/_git-remotes/git-github-com-hackreactor-labs-utils-rndr-git-3333c088: Permission denied (publickey).
33 error git clone --template=/Users/ingikim/.npm/_git-remotes/_templates --mirror git@github.com:hackreactor-labs/utils.rndr.git /Users/ingikim/.npm/_git-remotes/git-github-com-hackreactor-labs-utils-rndr-git-3333c088: fatal: Could not read from remote repository.
33 error git clone --template=/Users/ingikim/.npm/_git-remotes/_templates --mirror git@github.com:hackreactor-labs/utils.rndr.git /Users/ingikim/.npm/_git-remotes/git-github-com-hackreactor-labs-utils-rndr-git-3333c088:
33 error git clone --template=/Users/ingikim/.npm/_git-remotes/_templates --mirror git@github.com:hackreactor-labs/utils.rndr.git /Users/ingikim/.npm/_git-remotes/git-github-com-hackreactor-labs-utils-rndr-git-3333c088: Please make sure you have the correct access rights
33 error git clone --template=/Users/ingikim/.npm/_git-remotes/_templates --mirror git@github.com:hackreactor-labs/utils.rndr.git /Users/ingikim/.npm/_git-remotes/git-github-com-hackreactor-labs-utils-rndr-git-3333c088: and the repository exists.
34 silly fetchPackageMetaData Error: Command failed: git clone --template=/Users/ingikim/.npm/_git-remotes/_templates --mirror git@github.com:hackreactor-labs/utils.rndr.git /Users/ingikim/.npm/_git-remotes/git-github-com-hackreactor-labs-utils-rndr-git-3333c088
34 silly fetchPackageMetaData Cloning into bare repository '/Users/ingikim/.npm/_git-remotes/git-github-com-hackreactor-labs-utils-rndr-git-3333c088'...
34 silly fetchPackageMetaData Warning: Permanently added the RSA host key for IP address '192.30.253.113' to the list of known hosts.
34 silly fetchPackageMetaData Permission denied (publickey).
34 silly fetchPackageMetaData fatal: Could not read from remote repository.
34 silly fetchPackageMetaData
34 silly fetchPackageMetaData Please make sure you have the correct access rights
34 silly fetchPackageMetaData and the repository exists.
34 silly fetchPackageMetaData
34 silly fetchPackageMetaData     at ChildProcess.exithandler (child_process.js:207:12)
34 silly fetchPackageMetaData     at emitTwo (events.js:106:13)
34 silly fetchPackageMetaData     at ChildProcess.emit (events.js:191:7)
34 silly fetchPackageMetaData     at maybeClose (internal/child_process.js:852:16)
34 silly fetchPackageMetaData     at Process.ChildProcess._handle.onexit (internal/child_process.js:215:5)
34 silly fetchPackageMetaData  error for hackreactor-labs/utils.rndr { Error: Command failed: git clone --template=/Users/ingikim/.npm/_git-remotes/_templates --mirror git@github.com:hackreactor-labs/utils.rndr.git /Users/ingikim/.npm/_git-remotes/git-github-com-hackreactor-labs-utils-rndr-git-3333c088
34 silly fetchPackageMetaData Cloning into bare repository '/Users/ingikim/.npm/_git-remotes/git-github-com-hackreactor-labs-utils-rndr-git-3333c088'...
34 silly fetchPackageMetaData Warning: Permanently added the RSA host key for IP address '192.30.253.113' to the list of known hosts.
34 silly fetchPackageMetaData Permission denied (publickey).
34 silly fetchPackageMetaData fatal: Could not read from remote repository.
34 silly fetchPackageMetaData
34 silly fetchPackageMetaData Please make sure you have the correct access rights
34 silly fetchPackageMetaData and the repository exists.
34 silly fetchPackageMetaData
34 silly fetchPackageMetaData     at ChildProcess.exithandler (child_process.js:207:12)
34 silly fetchPackageMetaData     at emitTwo (events.js:106:13)
34 silly fetchPackageMetaData     at ChildProcess.emit (events.js:191:7)
34 silly fetchPackageMetaData     at maybeClose (internal/child_process.js:852:16)
34 silly fetchPackageMetaData     at Process.ChildProcess._handle.onexit (internal/child_process.js:215:5)
34 silly fetchPackageMetaData   killed: false,
34 silly fetchPackageMetaData   code: 128,
34 silly fetchPackageMetaData   signal: null,
34 silly fetchPackageMetaData   cmd: 'git clone --template=/Users/ingikim/.npm/_git-remotes/_templates --mirror git@github.com:hackreactor-labs/utils.rndr.git /Users/ingikim/.npm/_git-remotes/git-github-com-hackreactor-labs-utils-rndr-git-3333c088' }
35 silly rollbackFailedOptional Starting
36 silly rollbackFailedOptional Finishing
37 silly runTopLevelLifecycles Starting
38 silly runTopLevelLifecycles Finishing
39 silly install printInstalled
40 verbose stack Error: Command failed: git clone --template=/Users/ingikim/.npm/_git-remotes/_templates --mirror git@github.com:hackreactor-labs/utils.rndr.git /Users/ingikim/.npm/_git-remotes/git-github-com-hackreactor-labs-utils-rndr-git-3333c088
40 verbose stack Cloning into bare repository '/Users/ingikim/.npm/_git-remotes/git-github-com-hackreactor-labs-utils-rndr-git-3333c088'...
40 verbose stack Warning: Permanently added the RSA host key for IP address '192.30.253.113' to the list of known hosts.
40 verbose stack Permission denied (publickey).
40 verbose stack fatal: Could not read from remote repository.
40 verbose stack
40 verbose stack Please make sure you have the correct access rights
40 verbose stack and the repository exists.
40 verbose stack
40 verbose stack     at ChildProcess.exithandler (child_process.js:207:12)
40 verbose stack     at emitTwo (events.js:106:13)
40 verbose stack     at ChildProcess.emit (events.js:191:7)
40 verbose stack     at maybeClose (internal/child_process.js:852:16)
40 verbose stack     at Process.ChildProcess._handle.onexit (internal/child_process.js:215:5)
41 verbose cwd /Users/ingikim/Desktop/Code-States/ingikim/til
42 error Darwin 14.5.0
43 error argv "/Users/ingikim/.nvm/versions/node/v6.2.2/bin/node" "/Users/ingikim/.nvm/versions/node/v6.2.2/bin/npm" "install" "-g" "hackreactor-labs/utils.rndr"
44 error node v6.2.2
45 error npm  v3.9.5
46 error code 128
47 error Command failed: git clone --template=/Users/ingikim/.npm/_git-remotes/_templates --mirror git@github.com:hackreactor-labs/utils.rndr.git /Users/ingikim/.npm/_git-remotes/git-github-com-hackreactor-labs-utils-rndr-git-3333c088
47 error Cloning into bare repository '/Users/ingikim/.npm/_git-remotes/git-github-com-hackreactor-labs-utils-rndr-git-3333c088'...
47 error Warning: Permanently added the RSA host key for IP address '192.30.253.113' to the list of known hosts.
47 error Permission denied (publickey).
47 error fatal: Could not read from remote repository.
47 error
47 error Please make sure you have the correct access rights
47 error and the repository exists.
48 error If you need help, you may report this error at:
48 error     <https://github.com/npm/npm/issues>
49 verbose exit [ 1, true ]
